2025-08-15 10:19:41,888 - INFO - Processing request of type ListPromptsRequest
2025-08-15 10:19:44,484 - INFO - Processing request of type ListToolsRequest
2025-08-15 10:19:55,813 - INFO - Processing request of type CallToolRequest
2025-08-15 10:19:55,815 - INFO - Analizando carpeta: Descargas
2025-08-15 10:19:55,815 - ERROR - La carpeta Descargas no existe
2025-08-15 10:20:18,934 - INFO - Processing request of type CallToolRequest
2025-08-15 10:20:18,934 - INFO - Analizando carpeta: C:\Users\USUARIO\Downloads
2025-08-15 10:20:18,949 - INFO - Análisis completado: 23 archivos en 6 carpetas
2025-08-15 10:20:40,601 - INFO - Processing request of type CallToolRequest
2025-08-15 10:20:40,601 - INFO - Iniciando organización de archivos en: C:\Users\USUARIO\Downloads
2025-08-15 10:20:40,614 - INFO - Se encontraron 23 archivos para organizar
2025-08-15 10:20:46,870 - INFO - Se ha creado un reporte en: C:\Users\USUARIO\Downloads\reporte_organizacion_2025-08-15_10-20-46.txt
2025-08-15 10:20:46,870 - INFO - Organización completada: 23 de 23 archivos organizados
2025-08-15 10:22:28,196 - INFO - Processing request of type ListToolsRequest
2025-08-15 10:22:37,220 - INFO - Processing request of type CallToolRequest
2025-08-15 10:22:37,221 - INFO - Iniciando organización de archivos en: C:\Users\USUARIO\Downloads
2025-08-15 10:22:37,235 - INFO - Se encontraron 2 archivos para organizar
2025-08-15 10:22:37,274 - ERROR - Error al mover Por=Brennis Castro Cano.pdf: [WinError 32] El proceso no tiene acceso al archivo porque está siendo utilizado por otro proceso: 'C:\\Users\\USUARIO\\Downloads\\Por=Brennis Castro Cano.pdf'
2025-08-15 10:22:37,304 - INFO - Se ha creado un reporte en: C:\Users\USUARIO\Downloads\reporte_organizacion_2025-08-15_10-22-37.txt
2025-08-15 10:22:37,304 - INFO - Organización completada: 1 de 2 archivos organizados
2025-08-15 10:22:59,668 - INFO - Processing request of type CallToolRequest
2025-08-15 10:22:59,668 - INFO - Analizando carpeta: C:\Users\USUARIO\Downloads
2025-08-15 10:22:59,671 - INFO - Análisis completado: 2 archivos en 18 carpetas
2025-08-15 10:23:05,477 - INFO - Processing request of type CallToolRequest
2025-08-15 10:23:05,477 - INFO - Iniciando organización de archivos en: C:\Users\USUARIO\Downloads
2025-08-15 10:23:05,484 - INFO - Se encontraron 2 archivos para organizar
2025-08-15 10:23:06,394 - INFO - Se ha creado un reporte en: C:\Users\USUARIO\Downloads\reporte_organizacion_2025-08-15_10-23-06.txt
2025-08-15 10:23:06,394 - INFO - Organización completada: 2 de 2 archivos organizados
